<?xml version="1.0" encoding="UTF-8"?>
<testsuite name="censusanalyser.CensusAnalyserTest" tests="2" skipped="0" failures="0" errors="0" timestamp="2020-01-04T11:46:56" hostname="admin1-HP-EliteBook-Folio-9480m" time="0.228">
  <properties/>
  <testcase name="givenIndianCensusCSVFileReturnsCorrectRecords" classname="censusanalyser.CensusAnalyserTest" time="0.221"/>
  <testcase name="givenIndiaCensusData_WithWrongFile_ShouldThrowException" classname="censusanalyser.CensusAnalyserTest" time="0.006"/>
  <system-out><![CDATA[]]></system-out>
  <system-err><![CDATA[]]></system-err>
</testsuite>
